2026-03-06 21:41:04,745 INFO     start_bot — Database ready: /Users/thekelvinlachica/Documents/Github/Projects/content-generator-bot/data/bot.db
2026-03-06 21:41:04,745 INFO     start_bot — Dashboard thread started
2026-03-06 21:41:04,753 INFO     start_bot — Loaded 5 niches
2026-03-06 21:41:04,892 INFO     start_bot — Starting dashboard on http://localhost:5000
2026-03-06 21:41:04,894 INFO     apscheduler.scheduler — Adding job tentatively -- it will be properly scheduled when the scheduler starts
2026-03-06 21:41:04,894 INFO     apscheduler.scheduler — Adding job tentatively -- it will be properly scheduled when the scheduler starts
2026-03-06 21:41:04,894 INFO     apscheduler.scheduler — Adding job tentatively -- it will be properly scheduled when the scheduler starts
2026-03-06 21:41:04,895 INFO     apscheduler.scheduler — Adding job tentatively -- it will be properly scheduled when the scheduler starts
2026-03-06 21:41:04,895 INFO     apscheduler.scheduler — Adding job tentatively -- it will be properly scheduled when the scheduler starts
2026-03-06 21:41:04,895 INFO     apscheduler.scheduler — Adding job tentatively -- it will be properly scheduled when the scheduler starts
2026-03-06 21:41:04,895 INFO     apscheduler.scheduler — Adding job tentatively -- it will be properly scheduled when the scheduler starts
2026-03-06 21:41:04,895 INFO     apscheduler.scheduler — Adding job tentatively -- it will be properly scheduled when the scheduler starts
2026-03-06 21:41:04,895 INFO     apscheduler.scheduler — Adding job tentatively -- it will be properly scheduled when the scheduler starts
2026-03-06 21:41:04,895 INFO     apscheduler.scheduler — Adding job tentatively -- it will be properly scheduled when the scheduler starts
2026-03-06 21:41:04,896 INFO     apscheduler.scheduler — Adding job tentatively -- it will be properly scheduled when the scheduler starts
2026-03-06 21:41:04,896 INFO     apscheduler.scheduler — Adding job tentatively -- it will be properly scheduled when the scheduler starts
2026-03-06 21:41:04,896 INFO     apscheduler.scheduler — Adding job tentatively -- it will be properly scheduled when the scheduler starts
2026-03-06 21:41:04,896 INFO     apscheduler.scheduler — Adding job tentatively -- it will be properly scheduled when the scheduler starts
2026-03-06 21:41:04,896 INFO     apscheduler.scheduler — Adding job tentatively -- it will be properly scheduled when the scheduler starts
2026-03-06 21:41:04,896 INFO     apscheduler.scheduler — Adding job tentatively -- it will be properly scheduled when the scheduler starts
2026-03-06 21:41:04,896 INFO     apscheduler.scheduler — Adding job tentatively -- it will be properly scheduled when the scheduler starts
2026-03-06 21:41:04,897 INFO     apscheduler.scheduler — Adding job tentatively -- it will be properly scheduled when the scheduler starts
2026-03-06 21:41:04,897 INFO     apscheduler.scheduler — Adding job tentatively -- it will be properly scheduled when the scheduler starts
2026-03-06 21:41:04,897 INFO     apscheduler.scheduler — Added job "Fetch Trending Topics" to job store "default"
2026-03-06 21:41:04,897 INFO     apscheduler.scheduler — Added job "Post: AI Tools & SaaS" to job store "default"
2026-03-06 21:41:04,897 INFO     apscheduler.scheduler — Added job "Short: AI Tools & SaaS" to job store "default"
2026-03-06 21:41:04,897 INFO     apscheduler.scheduler — Added job "Pinterest: AI Tools & SaaS" to job store "default"
2026-03-06 21:41:04,897 INFO     apscheduler.scheduler — Added job "Post: Personal Finance & Investing" to job store "default"
2026-03-06 21:41:04,897 INFO     apscheduler.scheduler — Added job "Short: Personal Finance & Investing" to job store "default"
2026-03-06 21:41:04,897 INFO     apscheduler.scheduler — Added job "Pinterest: Personal Finance & Investing" to job store "default"
2026-03-06 21:41:04,897 INFO     apscheduler.scheduler — Added job "Post: Health & Biohacking" to job store "default"
2026-03-06 21:41:04,898 INFO     apscheduler.scheduler — Added job "Short: Health & Biohacking" to job store "default"
2026-03-06 21:41:04,898 INFO     apscheduler.scheduler — Added job "Pinterest: Health & Biohacking" to job store "default"
2026-03-06 21:41:04,898 INFO     apscheduler.scheduler — Added job "Post: Home Tech & Smart Devices" to job store "default"
2026-03-06 21:41:04,898 INFO     apscheduler.scheduler — Added job "Short: Home Tech & Smart Devices" to job store "default"
2026-03-06 21:41:04,898 INFO     apscheduler.scheduler — Added job "Pinterest: Home Tech & Smart Devices" to job store "default"
2026-03-06 21:41:04,898 INFO     apscheduler.scheduler — Added job "Post: Travel" to job store "default"
2026-03-06 21:41:04,898 INFO     apscheduler.scheduler — Added job "Short: Travel" to job store "default"
2026-03-06 21:41:04,898 INFO     apscheduler.scheduler — Added job "Pinterest: Travel" to job store "default"
2026-03-06 21:41:04,898 INFO     apscheduler.scheduler — Added job "Rebuild Static Site" to job store "default"
2026-03-06 21:41:04,898 INFO     apscheduler.scheduler — Added job "Income Snapshot" to job store "default"
2026-03-06 21:41:04,898 INFO     apscheduler.scheduler — Added job "Check Manual Triggers" to job store "default"
2026-03-06 21:41:04,898 INFO     apscheduler.scheduler — Scheduler started
2026-03-06 21:41:04,898 INFO     core.scheduler — Scheduler started with 19 jobs
2026-03-06 21:41:04,898 INFO     core.bot_state — Bot STARTED
2026-03-06 21:41:34,904 INFO     apscheduler.executors.default — Running job "Check Manual Triggers (trigger: interval[0:00:30], next run at: 2026-03-06 23:41:34 EST)" (scheduled at 2026-03-06 23:41:34.897097-05:00)
2026-03-06 21:41:34,906 INFO     apscheduler.executors.default — Job "Check Manual Triggers (trigger: interval[0:00:30], next run at: 2026-03-06 23:42:04 EST)" executed successfully
2026-03-06 21:42:04,898 INFO     apscheduler.executors.default — Running job "Check Manual Triggers (trigger: interval[0:00:30], next run at: 2026-03-06 23:42:34 EST)" (scheduled at 2026-03-06 23:42:04.897097-05:00)
2026-03-06 21:42:04,900 INFO     apscheduler.executors.default — Job "Check Manual Triggers (trigger: interval[0:00:30], next run at: 2026-03-06 23:42:34 EST)" executed successfully
2026-03-06 21:42:34,901 INFO     apscheduler.executors.default — Running job "Check Manual Triggers (trigger: interval[0:00:30], next run at: 2026-03-06 23:43:04 EST)" (scheduled at 2026-03-06 23:42:34.897097-05:00)
2026-03-06 21:42:34,903 INFO     apscheduler.executors.default — Job "Check Manual Triggers (trigger: interval[0:00:30], next run at: 2026-03-06 23:43:04 EST)" executed successfully
2026-03-06 21:43:04,903 INFO     apscheduler.executors.default — Running job "Check Manual Triggers (trigger: interval[0:00:30], next run at: 2026-03-06 23:43:34 EST)" (scheduled at 2026-03-06 23:43:04.897097-05:00)
2026-03-06 21:43:04,906 INFO     apscheduler.executors.default — Job "Check Manual Triggers (trigger: interval[0:00:30], next run at: 2026-03-06 23:43:34 EST)" executed successfully
2026-03-06 21:43:34,902 INFO     apscheduler.executors.default — Running job "Check Manual Triggers (trigger: interval[0:00:30], next run at: 2026-03-06 23:44:04 EST)" (scheduled at 2026-03-06 23:43:34.897097-05:00)
2026-03-06 21:43:34,904 INFO     apscheduler.executors.default — Job "Check Manual Triggers (trigger: interval[0:00:30], next run at: 2026-03-06 23:44:04 EST)" executed successfully
2026-03-06 21:44:04,900 INFO     apscheduler.executors.default — Running job "Check Manual Triggers (trigger: interval[0:00:30], next run at: 2026-03-06 23:44:34 EST)" (scheduled at 2026-03-06 23:44:04.897097-05:00)
2026-03-06 21:44:04,903 INFO     apscheduler.executors.default — Job "Check Manual Triggers (trigger: interval[0:00:30], next run at: 2026-03-06 23:44:34 EST)" executed successfully
2026-03-06 21:44:34,903 INFO     apscheduler.executors.default — Running job "Check Manual Triggers (trigger: interval[0:00:30], next run at: 2026-03-06 23:45:04 EST)" (scheduled at 2026-03-06 23:44:34.897097-05:00)
2026-03-06 21:44:34,905 INFO     apscheduler.executors.default — Job "Check Manual Triggers (trigger: interval[0:00:30], next run at: 2026-03-06 23:45:04 EST)" executed successfully
2026-03-06 21:45:04,899 INFO     apscheduler.executors.default — Running job "Check Manual Triggers (trigger: interval[0:00:30], next run at: 2026-03-06 23:45:34 EST)" (scheduled at 2026-03-06 23:45:04.897097-05:00)
2026-03-06 21:45:04,901 INFO     apscheduler.executors.default — Job "Check Manual Triggers (trigger: interval[0:00:30], next run at: 2026-03-06 23:45:34 EST)" executed successfully
2026-03-06 21:45:34,902 INFO     apscheduler.executors.default — Running job "Check Manual Triggers (trigger: interval[0:00:30], next run at: 2026-03-06 23:46:04 EST)" (scheduled at 2026-03-06 23:45:34.897097-05:00)
2026-03-06 21:45:34,904 INFO     apscheduler.executors.default — Job "Check Manual Triggers (trigger: interval[0:00:30], next run at: 2026-03-06 23:46:04 EST)" executed successfully
2026-03-06 21:46:04,903 INFO     apscheduler.executors.default — Running job "Check Manual Triggers (trigger: interval[0:00:30], next run at: 2026-03-06 23:46:34 EST)" (scheduled at 2026-03-06 23:46:04.897097-05:00)
2026-03-06 21:46:04,908 INFO     apscheduler.executors.default — Job "Check Manual Triggers (trigger: interval[0:00:30], next run at: 2026-03-06 23:46:34 EST)" executed successfully
2026-03-06 21:46:34,902 INFO     apscheduler.executors.default — Running job "Check Manual Triggers (trigger: interval[0:00:30], next run at: 2026-03-06 23:47:04 EST)" (scheduled at 2026-03-06 23:46:34.897097-05:00)
2026-03-06 21:46:34,902 INFO     apscheduler.executors.default — Job "Check Manual Triggers (trigger: interval[0:00:30], next run at: 2026-03-06 23:47:04 EST)" executed successfully
2026-03-06 21:47:04,902 INFO     apscheduler.executors.default — Running job "Check Manual Triggers (trigger: interval[0:00:30], next run at: 2026-03-06 23:47:34 EST)" (scheduled at 2026-03-06 23:47:04.897097-05:00)
2026-03-06 21:47:04,903 INFO     apscheduler.executors.default — Job "Check Manual Triggers (trigger: interval[0:00:30], next run at: 2026-03-06 23:47:34 EST)" executed successfully
2026-03-06 21:47:34,899 INFO     apscheduler.executors.default — Running job "Check Manual Triggers (trigger: interval[0:00:30], next run at: 2026-03-06 23:48:04 EST)" (scheduled at 2026-03-06 23:47:34.897097-05:00)
2026-03-06 21:47:34,900 INFO     apscheduler.executors.default — Job "Check Manual Triggers (trigger: interval[0:00:30], next run at: 2026-03-06 23:48:04 EST)" executed successfully
2026-03-06 21:48:04,902 INFO     apscheduler.executors.default — Running job "Check Manual Triggers (trigger: interval[0:00:30], next run at: 2026-03-06 23:48:34 EST)" (scheduled at 2026-03-06 23:48:04.897097-05:00)
2026-03-06 21:48:04,904 INFO     apscheduler.executors.default — Job "Check Manual Triggers (trigger: interval[0:00:30], next run at: 2026-03-06 23:48:34 EST)" executed successfully
2026-03-06 21:48:34,901 INFO     apscheduler.executors.default — Running job "Check Manual Triggers (trigger: interval[0:00:30], next run at: 2026-03-06 23:49:04 EST)" (scheduled at 2026-03-06 23:48:34.897097-05:00)
2026-03-06 21:48:34,903 INFO     apscheduler.executors.default — Job "Check Manual Triggers (trigger: interval[0:00:30], next run at: 2026-03-06 23:49:04 EST)" executed successfully
2026-03-06 21:49:04,901 INFO     apscheduler.executors.default — Running job "Check Manual Triggers (trigger: interval[0:00:30], next run at: 2026-03-06 23:49:34 EST)" (scheduled at 2026-03-06 23:49:04.897097-05:00)
2026-03-06 21:49:04,903 INFO     apscheduler.executors.default — Job "Check Manual Triggers (trigger: interval[0:00:30], next run at: 2026-03-06 23:49:34 EST)" executed successfully
2026-03-06 21:49:34,903 INFO     apscheduler.executors.default — Running job "Check Manual Triggers (trigger: interval[0:00:30], next run at: 2026-03-06 23:50:04 EST)" (scheduled at 2026-03-06 23:49:34.897097-05:00)
2026-03-06 21:49:34,904 INFO     apscheduler.executors.default — Job "Check Manual Triggers (trigger: interval[0:00:30], next run at: 2026-03-06 23:50:04 EST)" executed successfully
2026-03-06 21:50:04,899 INFO     apscheduler.executors.default — Running job "Check Manual Triggers (trigger: interval[0:00:30], next run at: 2026-03-06 23:50:34 EST)" (scheduled at 2026-03-06 23:50:04.897097-05:00)
2026-03-06 21:50:04,900 INFO     apscheduler.executors.default — Job "Check Manual Triggers (trigger: interval[0:00:30], next run at: 2026-03-06 23:50:34 EST)" executed successfully
2026-03-06 21:50:34,902 INFO     apscheduler.executors.default — Running job "Check Manual Triggers (trigger: interval[0:00:30], next run at: 2026-03-06 23:51:04 EST)" (scheduled at 2026-03-06 23:50:34.897097-05:00)
2026-03-06 21:50:34,903 INFO     apscheduler.executors.default — Job "Check Manual Triggers (trigger: interval[0:00:30], next run at: 2026-03-06 23:51:04 EST)" executed successfully
2026-03-06 21:51:04,900 INFO     apscheduler.executors.default — Running job "Check Manual Triggers (trigger: interval[0:00:30], next run at: 2026-03-06 23:51:34 EST)" (scheduled at 2026-03-06 23:51:04.897097-05:00)
2026-03-06 21:51:04,902 INFO     apscheduler.executors.default — Job "Check Manual Triggers (trigger: interval[0:00:30], next run at: 2026-03-06 23:51:34 EST)" executed successfully
2026-03-06 21:51:34,902 INFO     apscheduler.executors.default — Running job "Check Manual Triggers (trigger: interval[0:00:30], next run at: 2026-03-06 23:52:04 EST)" (scheduled at 2026-03-06 23:51:34.897097-05:00)
2026-03-06 21:51:34,904 INFO     apscheduler.executors.default — Job "Check Manual Triggers (trigger: interval[0:00:30], next run at: 2026-03-06 23:52:04 EST)" executed successfully
2026-03-06 21:52:04,901 INFO     apscheduler.executors.default — Running job "Check Manual Triggers (trigger: interval[0:00:30], next run at: 2026-03-06 23:52:34 EST)" (scheduled at 2026-03-06 23:52:04.897097-05:00)
2026-03-06 21:52:04,903 INFO     apscheduler.executors.default — Job "Check Manual Triggers (trigger: interval[0:00:30], next run at: 2026-03-06 23:52:34 EST)" executed successfully
2026-03-06 21:52:34,903 INFO     apscheduler.executors.default — Running job "Check Manual Triggers (trigger: interval[0:00:30], next run at: 2026-03-06 23:53:04 EST)" (scheduled at 2026-03-06 23:52:34.897097-05:00)
2026-03-06 21:52:34,905 INFO     apscheduler.executors.default — Job "Check Manual Triggers (trigger: interval[0:00:30], next run at: 2026-03-06 23:53:04 EST)" executed successfully
2026-03-06 21:53:04,900 INFO     apscheduler.executors.default — Running job "Check Manual Triggers (trigger: interval[0:00:30], next run at: 2026-03-06 23:53:34 EST)" (scheduled at 2026-03-06 23:53:04.897097-05:00)
2026-03-06 21:53:04,901 INFO     apscheduler.executors.default — Job "Check Manual Triggers (trigger: interval[0:00:30], next run at: 2026-03-06 23:53:34 EST)" executed successfully
2026-03-06 21:53:34,902 INFO     apscheduler.executors.default — Running job "Check Manual Triggers (trigger: interval[0:00:30], next run at: 2026-03-06 23:54:04 EST)" (scheduled at 2026-03-06 23:53:34.897097-05:00)
2026-03-06 21:53:34,903 INFO     apscheduler.executors.default — Job "Check Manual Triggers (trigger: interval[0:00:30], next run at: 2026-03-06 23:54:04 EST)" executed successfully
2026-03-06 21:54:04,901 INFO     apscheduler.executors.default — Running job "Check Manual Triggers (trigger: interval[0:00:30], next run at: 2026-03-06 23:54:34 EST)" (scheduled at 2026-03-06 23:54:04.897097-05:00)
2026-03-06 21:54:04,905 INFO     apscheduler.executors.default — Job "Check Manual Triggers (trigger: interval[0:00:30], next run at: 2026-03-06 23:54:34 EST)" executed successfully
2026-03-06 21:54:34,899 INFO     apscheduler.executors.default — Running job "Check Manual Triggers (trigger: interval[0:00:30], next run at: 2026-03-06 23:55:04 EST)" (scheduled at 2026-03-06 23:54:34.897097-05:00)
2026-03-06 21:54:34,906 INFO     apscheduler.executors.default — Job "Check Manual Triggers (trigger: interval[0:00:30], next run at: 2026-03-06 23:55:04 EST)" executed successfully
2026-03-06 21:55:04,899 INFO     apscheduler.executors.default — Running job "Check Manual Triggers (trigger: interval[0:00:30], next run at: 2026-03-06 23:55:34 EST)" (scheduled at 2026-03-06 23:55:04.897097-05:00)
2026-03-06 21:55:04,900 INFO     apscheduler.executors.default — Job "Check Manual Triggers (trigger: interval[0:00:30], next run at: 2026-03-06 23:55:34 EST)" executed successfully
2026-03-06 21:55:34,900 INFO     apscheduler.executors.default — Running job "Check Manual Triggers (trigger: interval[0:00:30], next run at: 2026-03-06 23:56:04 EST)" (scheduled at 2026-03-06 23:55:34.897097-05:00)
2026-03-06 21:55:34,901 INFO     apscheduler.executors.default — Job "Check Manual Triggers (trigger: interval[0:00:30], next run at: 2026-03-06 23:56:04 EST)" executed successfully
2026-03-06 21:56:04,904 INFO     apscheduler.executors.default — Running job "Check Manual Triggers (trigger: interval[0:00:30], next run at: 2026-03-06 23:56:34 EST)" (scheduled at 2026-03-06 23:56:04.897097-05:00)
2026-03-06 21:56:04,906 INFO     apscheduler.executors.default — Job "Check Manual Triggers (trigger: interval[0:00:30], next run at: 2026-03-06 23:56:34 EST)" executed successfully
2026-03-06 21:56:34,901 INFO     apscheduler.executors.default — Running job "Check Manual Triggers (trigger: interval[0:00:30], next run at: 2026-03-06 23:57:04 EST)" (scheduled at 2026-03-06 23:56:34.897097-05:00)
2026-03-06 21:56:34,903 INFO     apscheduler.executors.default — Job "Check Manual Triggers (trigger: interval[0:00:30], next run at: 2026-03-06 23:57:04 EST)" executed successfully
2026-03-06 21:57:04,902 INFO     apscheduler.executors.default — Running job "Check Manual Triggers (trigger: interval[0:00:30], next run at: 2026-03-06 23:57:34 EST)" (scheduled at 2026-03-06 23:57:04.897097-05:00)
2026-03-06 21:57:04,903 INFO     apscheduler.executors.default — Job "Check Manual Triggers (trigger: interval[0:00:30], next run at: 2026-03-06 23:57:34 EST)" executed successfully
2026-03-06 21:57:34,903 INFO     apscheduler.executors.default — Running job "Check Manual Triggers (trigger: interval[0:00:30], next run at: 2026-03-06 23:58:04 EST)" (scheduled at 2026-03-06 23:57:34.897097-05:00)
2026-03-06 21:57:34,905 INFO     apscheduler.executors.default — Job "Check Manual Triggers (trigger: interval[0:00:30], next run at: 2026-03-06 23:58:04 EST)" executed successfully
2026-03-06 21:58:04,903 INFO     apscheduler.executors.default — Running job "Check Manual Triggers (trigger: interval[0:00:30], next run at: 2026-03-06 23:58:34 EST)" (scheduled at 2026-03-06 23:58:04.897097-05:00)
2026-03-06 21:58:04,905 INFO     apscheduler.executors.default — Job "Check Manual Triggers (trigger: interval[0:00:30], next run at: 2026-03-06 23:58:34 EST)" executed successfully
2026-03-06 21:58:34,899 INFO     apscheduler.executors.default — Running job "Check Manual Triggers (trigger: interval[0:00:30], next run at: 2026-03-06 23:59:04 EST)" (scheduled at 2026-03-06 23:58:34.897097-05:00)
2026-03-06 21:58:34,900 INFO     apscheduler.executors.default — Job "Check Manual Triggers (trigger: interval[0:00:30], next run at: 2026-03-06 23:59:04 EST)" executed successfully
2026-03-06 21:59:04,900 INFO     apscheduler.executors.default — Running job "Check Manual Triggers (trigger: interval[0:00:30], next run at: 2026-03-06 23:59:34 EST)" (scheduled at 2026-03-06 23:59:04.897097-05:00)
2026-03-06 21:59:04,902 INFO     apscheduler.executors.default — Job "Check Manual Triggers (trigger: interval[0:00:30], next run at: 2026-03-06 23:59:34 EST)" executed successfully
2026-03-06 21:59:34,898 INFO     apscheduler.executors.default — Running job "Check Manual Triggers (trigger: interval[0:00:30], next run at: 2026-03-07 00:00:04 EST)" (scheduled at 2026-03-06 23:59:34.897097-05:00)
2026-03-06 21:59:34,902 INFO     apscheduler.executors.default — Job "Check Manual Triggers (trigger: interval[0:00:30], next run at: 2026-03-07 00:00:04 EST)" executed successfully
2026-03-06 22:00:04,902 INFO     apscheduler.executors.default — Running job "Check Manual Triggers (trigger: interval[0:00:30], next run at: 2026-03-07 00:00:34 EST)" (scheduled at 2026-03-07 00:00:04.897097-05:00)
2026-03-06 22:00:04,904 INFO     apscheduler.executors.default — Job "Check Manual Triggers (trigger: interval[0:00:30], next run at: 2026-03-07 00:00:34 EST)" executed successfully
2026-03-06 22:00:34,898 INFO     apscheduler.executors.default — Running job "Check Manual Triggers (trigger: interval[0:00:30], next run at: 2026-03-07 00:01:04 EST)" (scheduled at 2026-03-07 00:00:34.897097-05:00)
2026-03-06 22:00:34,898 INFO     apscheduler.executors.default — Job "Check Manual Triggers (trigger: interval[0:00:30], next run at: 2026-03-07 00:01:04 EST)" executed successfully
2026-03-06 22:01:04,898 INFO     apscheduler.executors.default — Running job "Check Manual Triggers (trigger: interval[0:00:30], next run at: 2026-03-07 00:01:34 EST)" (scheduled at 2026-03-07 00:01:04.897097-05:00)
2026-03-06 22:01:04,902 INFO     apscheduler.executors.default — Job "Check Manual Triggers (trigger: interval[0:00:30], next run at: 2026-03-07 00:01:34 EST)" executed successfully
2026-03-06 22:01:34,903 INFO     apscheduler.executors.default — Running job "Check Manual Triggers (trigger: interval[0:00:30], next run at: 2026-03-07 00:02:04 EST)" (scheduled at 2026-03-07 00:01:34.897097-05:00)
2026-03-06 22:01:34,907 INFO     apscheduler.executors.default — Job "Check Manual Triggers (trigger: interval[0:00:30], next run at: 2026-03-07 00:02:04 EST)" executed successfully
2026-03-06 22:02:04,902 INFO     apscheduler.executors.default — Running job "Check Manual Triggers (trigger: interval[0:00:30], next run at: 2026-03-07 00:02:34 EST)" (scheduled at 2026-03-07 00:02:04.897097-05:00)
2026-03-06 22:02:04,907 INFO     apscheduler.executors.default — Job "Check Manual Triggers (trigger: interval[0:00:30], next run at: 2026-03-07 00:02:34 EST)" executed successfully
2026-03-06 22:02:34,903 INFO     apscheduler.executors.default — Running job "Check Manual Triggers (trigger: interval[0:00:30], next run at: 2026-03-07 00:03:04 EST)" (scheduled at 2026-03-07 00:02:34.897097-05:00)
2026-03-06 22:02:34,905 INFO     apscheduler.executors.default — Job "Check Manual Triggers (trigger: interval[0:00:30], next run at: 2026-03-07 00:03:04 EST)" executed successfully
2026-03-06 22:03:04,903 INFO     apscheduler.executors.default — Running job "Check Manual Triggers (trigger: interval[0:00:30], next run at: 2026-03-07 00:03:34 EST)" (scheduled at 2026-03-07 00:03:04.897097-05:00)
2026-03-06 22:03:04,907 INFO     apscheduler.executors.default — Job "Check Manual Triggers (trigger: interval[0:00:30], next run at: 2026-03-07 00:03:34 EST)" executed successfully
2026-03-06 22:03:34,902 INFO     apscheduler.executors.default — Running job "Check Manual Triggers (trigger: interval[0:00:30], next run at: 2026-03-07 00:04:04 EST)" (scheduled at 2026-03-07 00:03:34.897097-05:00)
2026-03-06 22:03:34,903 INFO     apscheduler.executors.default — Job "Check Manual Triggers (trigger: interval[0:00:30], next run at: 2026-03-07 00:04:04 EST)" executed successfully
2026-03-06 22:04:04,902 INFO     apscheduler.executors.default — Running job "Check Manual Triggers (trigger: interval[0:00:30], next run at: 2026-03-07 00:04:34 EST)" (scheduled at 2026-03-07 00:04:04.897097-05:00)
2026-03-06 22:04:04,904 INFO     apscheduler.executors.default — Job "Check Manual Triggers (trigger: interval[0:00:30], next run at: 2026-03-07 00:04:34 EST)" executed successfully
2026-03-06 22:04:34,902 INFO     apscheduler.executors.default — Running job "Check Manual Triggers (trigger: interval[0:00:30], next run at: 2026-03-07 00:05:04 EST)" (scheduled at 2026-03-07 00:04:34.897097-05:00)
2026-03-06 22:04:34,903 INFO     apscheduler.executors.default — Job "Check Manual Triggers (trigger: interval[0:00:30], next run at: 2026-03-07 00:05:04 EST)" executed successfully
2026-03-06 22:05:04,903 INFO     apscheduler.executors.default — Running job "Check Manual Triggers (trigger: interval[0:00:30], next run at: 2026-03-07 00:05:34 EST)" (scheduled at 2026-03-07 00:05:04.897097-05:00)
2026-03-06 22:05:04,904 INFO     apscheduler.executors.default — Job "Check Manual Triggers (trigger: interval[0:00:30], next run at: 2026-03-07 00:05:34 EST)" executed successfully
2026-03-06 22:05:34,902 INFO     apscheduler.executors.default — Running job "Check Manual Triggers (trigger: interval[0:00:30], next run at: 2026-03-07 00:06:04 EST)" (scheduled at 2026-03-07 00:05:34.897097-05:00)
2026-03-06 22:05:34,905 INFO     apscheduler.executors.default — Job "Check Manual Triggers (trigger: interval[0:00:30], next run at: 2026-03-07 00:06:04 EST)" executed successfully
2026-03-06 22:06:04,898 INFO     apscheduler.executors.default — Running job "Check Manual Triggers (trigger: interval[0:00:30], next run at: 2026-03-07 00:06:34 EST)" (scheduled at 2026-03-07 00:06:04.897097-05:00)
2026-03-06 22:06:04,899 INFO     apscheduler.executors.default — Job "Check Manual Triggers (trigger: interval[0:00:30], next run at: 2026-03-07 00:06:34 EST)" executed successfully
2026-03-06 22:06:34,903 INFO     apscheduler.executors.default — Running job "Check Manual Triggers (trigger: interval[0:00:30], next run at: 2026-03-07 00:07:04 EST)" (scheduled at 2026-03-07 00:06:34.897097-05:00)
2026-03-06 22:06:34,905 INFO     apscheduler.executors.default — Job "Check Manual Triggers (trigger: interval[0:00:30], next run at: 2026-03-07 00:07:04 EST)" executed successfully
2026-03-06 22:07:04,901 INFO     apscheduler.executors.default — Running job "Check Manual Triggers (trigger: interval[0:00:30], next run at: 2026-03-07 00:07:34 EST)" (scheduled at 2026-03-07 00:07:04.897097-05:00)
2026-03-06 22:07:04,902 INFO     apscheduler.executors.default — Job "Check Manual Triggers (trigger: interval[0:00:30], next run at: 2026-03-07 00:07:34 EST)" executed successfully
2026-03-06 22:07:34,901 INFO     apscheduler.executors.default — Running job "Check Manual Triggers (trigger: interval[0:00:30], next run at: 2026-03-07 00:08:04 EST)" (scheduled at 2026-03-07 00:07:34.897097-05:00)
2026-03-06 22:07:34,905 INFO     apscheduler.executors.default — Job "Check Manual Triggers (trigger: interval[0:00:30], next run at: 2026-03-07 00:08:04 EST)" executed successfully
2026-03-06 22:08:04,901 INFO     apscheduler.executors.default — Running job "Check Manual Triggers (trigger: interval[0:00:30], next run at: 2026-03-07 00:08:34 EST)" (scheduled at 2026-03-07 00:08:04.897097-05:00)
2026-03-06 22:08:04,902 INFO     apscheduler.executors.default — Job "Check Manual Triggers (trigger: interval[0:00:30], next run at: 2026-03-07 00:08:34 EST)" executed successfully
2026-03-06 22:08:34,902 INFO     apscheduler.executors.default — Running job "Check Manual Triggers (trigger: interval[0:00:30], next run at: 2026-03-07 00:09:04 EST)" (scheduled at 2026-03-07 00:08:34.897097-05:00)
2026-03-06 22:08:34,904 INFO     apscheduler.executors.default — Job "Check Manual Triggers (trigger: interval[0:00:30], next run at: 2026-03-07 00:09:04 EST)" executed successfully
2026-03-06 22:09:04,899 INFO     apscheduler.executors.default — Running job "Check Manual Triggers (trigger: interval[0:00:30], next run at: 2026-03-07 00:09:34 EST)" (scheduled at 2026-03-07 00:09:04.897097-05:00)
2026-03-06 22:09:04,900 INFO     apscheduler.executors.default — Job "Check Manual Triggers (trigger: interval[0:00:30], next run at: 2026-03-07 00:09:34 EST)" executed successfully
